AndroidPlatformFactory.RegisterBuildPlatforms: UnrealBuildTool.AndroidPlatformSDK has no valid SDK
IOSPlatformFactory.RegisterBuildPlatforms: UnrealBuildTool.IOSPlatformSDK has no valid SDK
LinuxPlatformFactory.RegisterBuildPlatforms: UnrealBuildTool.LinuxPlatformSDK has no valid SDK
WindowsPlatformFactory.RegisterBuildPlatforms: UnrealBuildTool.WindowsPlatformSDK using manually installed SDK
ProjectFileGenerator.GenerateProjectFiles: Discovering modules, targets and source code for project...
WindowsPlatform.FindVisualStudioInstallations: Found Visual Studio installation: C:\Program Files (x86)\Microsoft Visual Studio\2019\Community (Product=Microsoft.VisualStudio.Product.Community, Version=16.10.31321.278)
WindowsPlatform.FindVisualStudioToolChains: Found Visual Studio toolchain: C:\Program Files (x86)\Microsoft Visual Studio\2019\Community\VC\Tools\MSVC\14.29.30037 (Version=14.29.30037)
WindowsPlatform.EnumerateSdkRootDirs: Found Windows 10 SDK root at C:\Program Files (x86)\Windows Kits\10 (1)
WindowsPlatform.EnumerateSdkRootDirs: Found Windows 10 SDK root at C:\Program Files (x86)\Windows Kits\10 (2)
WindowsPlatform.UpdateCachedWindowsSdks: Found Windows 10 SDK version 10.0.19041.0 at C:\Program Files (x86)\Windows Kits\10
WindowsPlatform.UpdateCachedWindowsSdks: Found Universal CRT version 10.0.19041.0 at C:\Program Files (x86)\Windows Kits\10
UnrealBuildTool.Main: ERROR: Could not find NetFxSDK install dir; this will prevent SwarmInterface from installing.  Install a version of .NET Framework SDK at 4.6.0 or higher.
UnrealBuildTool.Main: BuildException: Could not find NetFxSDK install dir; this will prevent SwarmInterface from installing.  Install a version of .NET Framework SDK at 4.6.0 or higher.
UnrealBuildTool.Main:    at UnrealBuildTool.VCEnvironment.SetupEnvironment(UnrealTargetPlatform Platform) in D:\Build\++UE4\Sync\Engine\Source\Programs\UnrealBuildTool\Platform\Windows\VCEnvironment.cs:line 446
UnrealBuildTool.Main:    at UnrealBuildTool.VCEnvironment..ctor(UnrealTargetPlatform Platform, WindowsCompiler Compiler, DirectoryReference CompilerDir, VersionNumber CompilerVersion, WindowsArchitecture Architecture, WindowsCompiler ToolChain, DirectoryReference ToolChainDir, VersionNumber ToolChainVersion, DirectoryReference WindowsSdkDir, VersionNumber WindowsSdkVersion) in D:\Build\++UE4\Sync\Engine\Source\Programs\UnrealBuildTool\Platform\Windows\VCEnvironment.cs:line 136
UnrealBuildTool.Main:    at UnrealBuildTool.VCEnvironment.Create(WindowsCompiler Compiler, UnrealTargetPlatform Platform, WindowsArchitecture Architecture, String CompilerVersion, String WindowsSdkVersion, String SuppliedSdkDirectoryForVersion) in D:\Build\++UE4\Sync\Engine\Source\Programs\UnrealBuildTool\Platform\Windows\VCEnvironment.cs:line 541
UnrealBuildTool.Main:    at UnrealBuildTool.WindowsPlatform.CreateVCEnvironment(TargetRules Target) in D:\Build\++UE4\Sync\Engine\Source\Programs\UnrealBuildTool\Platform\Windows\UEBuildWindows.cs:line 770
UnrealBuildTool.Main:    at UnrealBuildTool.WindowsPlatform.ValidateTarget(TargetRules Target) in D:\Build\++UE4\Sync\Engine\Source\Programs\UnrealBuildTool\Platform\Windows\UEBuildWindows.cs:line 852
UnrealBuildTool.Main:    at UnrealBuildTool.RulesAssembly.CreateTargetRulesInstance(String TypeName, TargetInfo TargetInfo) in D:\Build\++UE4\Sync\Engine\Source\Programs\UnrealBuildTool\System\RulesAssembly.cs:line 599
UnrealBuildTool.Main:    at UnrealBuildTool.RulesAssembly.CreateTargetRules(String TargetName, UnrealTargetPlatform Platform, UnrealTargetConfiguration Configuration, String Architecture, FileReference ProjectFile, CommandLineArguments Arguments) in D:\Build\++UE4\Sync\Engine\Source\Programs\UnrealBuildTool\System\RulesAssembly.cs:line 659
UnrealBuildTool.Main:    at UnrealBuildTool.ProjectFileGenerator.AddProjectsForAllTargets(PlatformProjectGeneratorCollection PlatformProjectGenerators, List`1 AllGames, List`1 AllTargetFiles, String[] Arguments, ProjectFile& EngineProject, ProjectFile& EnterpriseProject, List`1& GameProjects, Dictionary`2& ProgramProjects) in D:\Build\++UE4\Sync\Engine\Source\Programs\UnrealBuildTool\ProjectFiles\ProjectFileGenerator.cs:line 2318
UnrealBuildTool.Main:    at UnrealBuildTool.ProjectFileGenerator.GenerateProjectFiles(PlatformProjectGeneratorCollection PlatformProjectGenerators, String[] Arguments) in D:\Build\++UE4\Sync\Engine\Source\Programs\UnrealBuildTool\ProjectFiles\ProjectFileGenerator.cs:line 753
UnrealBuildTool.Main:    at UnrealBuildTool.GenerateProjectFilesMode.Execute(CommandLineArguments Arguments) in D:\Build\++UE4\Sync\Engine\Source\Programs\UnrealBuildTool\Modes\GenerateProjectFilesMode.cs:line 204
UnrealBuildTool.Main:    at UnrealBuildTool.UnrealBuildTool.Main(String[] ArgumentsArray) in D:\Build\++UE4\Sync\Engine\Source\Programs\UnrealBuildTool\UnrealBuildTool.cs:line 550
Timeline.Print: Timeline:
Timeline.Print: 
Timeline.Print: [ 0.000]
Timeline.Print: [ 0.000](+0.022) <unknown>
Timeline.Print: [ 0.022](+0.048) XmlConfig.ReadConfigFiles()
Timeline.Print: [ 0.071](+0.000) SingleInstanceMutex.Acquire()
Timeline.Print: [ 0.071](+0.043) UEBuildPlatform.RegisterPlatforms()
Timeline.Print:   0.071          [ 0.000](+0.022) Initializing InstalledPlatformInfo
Timeline.Print:   0.093          [ 0.022](+0.000) Querying types
Timeline.Print:   0.094          [ 0.023](+0.001) MacPlatformFactory
Timeline.Print:   0.096          [ 0.024](+0.000) TVOSPlatformFactory
Timeline.Print:   0.096          [ 0.025](+0.011) AndroidPlatformFactory
Timeline.Print:   0.108          [ 0.036](+0.000) HoloLensPlatformFactory
Timeline.Print:   0.108          [ 0.037](+0.002) IOSPlatformFactory
Timeline.Print:   0.110          [ 0.039](+0.003) LinuxPlatformFactory
Timeline.Print:   0.113          [ 0.042](+0.000) LuminPlatformFactory
Timeline.Print:   0.113          [ 0.042](+0.000) WindowsPlatformFactory
Timeline.Print: [ 0.114](+0.216) <unknown>
Timeline.Print: [ 0.331](+0.001) Finding engine modules
Timeline.Print: [ 0.332](+0.002) Finding plugin modules
Timeline.Print: [ 0.334](+0.022) <unknown>
Timeline.Print: [ 0.357](+0.000) Finding program modules
Timeline.Print: [ 0.357](+0.000) Finding program targets
Timeline.Print: [ 0.357](+0.043) <unknown>
Timeline.Print: [ 0.401](+0.000) FileMetadataPrefetch.Stop()
Timeline.Print: [ 0.402]
